0 info it worked if it ends with ok
1 verbose cli [ '/Users/andrew/.nvm/versions/node/v6.4.0/bin/node',
1 verbose cli   '/Users/andrew/.nvm/versions/node/v6.4.0/bin/npm',
1 verbose cli   'run',
1 verbose cli   'dev' ]
2 info using npm@3.10.3
3 info using node@v6.4.0
4 verbose run-script [ 'predev', 'dev', 'postdev' ]
5 info lifecycle typescript_docs_guides@1.0.0~predev: typescript_docs_guides@1.0.0
6 silly lifecycle typescript_docs_guides@1.0.0~predev: no script for predev, continuing
7 info lifecycle typescript_docs_guides@1.0.0~dev: typescript_docs_guides@1.0.0
8 verbose lifecycle typescript_docs_guides@1.0.0~dev: unsafe-perm in lifecycle true
9 verbose lifecycle typescript_docs_guides@1.0.0~dev: PATH: /Users/andrew/.nvm/versions/node/v6.4.0/lib/node_modules/npm/bin/node-gyp-bin:/Users/andrew/Library/Application Support/Sublime Text 3/Packages/User/snippets/_docs_guides/typescript/node_modules/.bin:/Users/andrew/.nvm/versions/node/v6.4.0/bin:/Users/andrew/.nvm/versions/node/v6.4.0/bin:/Users/andrew/.rvm/gems/ruby-2.3.1/bin:/Users/andrew/.rvm/gems/ruby-2.3.1@global/bin:/Users/andrew/.rvm/rubies/ruby-2.3.1/bin:/Users/andrew/.rvm/bin:/usr/local/bin:/usr/bin:/bin:/usr/sbin:/sbin:/Library/PostgreSQL/9.5/bin:/usr/local/mysql/bin:/usr/local/mysql-5.7.13-osx10.11-x86_64/support-files:/Users/andrew/Library/Application Support/Sublime Text 3/Packages/User/snippets/custom-manuals:/Users/andrew/Library/Application Support/Sublime Text 3/Packages/User/snippets/scripts/ruby:/Users/andrew/.rvm/bin:/Users/andrew/.rvm/bin:/Users/andrew/.rvm/bin:/Users/andrew/projects/node/react/react-starter-kit/react-starter-kit-tools:/Library/PostgreSQL/9.5/bin:/usr/local/mysql/bin:/usr/local/mysql-5.7.13-osx10.11-x86_64/support-files:/Users/andrew/Library/Application Support/Sublime Text 3/Packages/User/snippets/custom-manuals:/Users/andrew/Library/Application Support/Sublime Text 3/Packages/User/snippets/scripts/ruby:/Users/andrew/.rvm/bin:/Users/andrew/.rvm/bin:/Users/andrew/.rvm/bin:/Users/andrew/projects/node/react/react-starter-kit/react-starter-kit-tools
10 verbose lifecycle typescript_docs_guides@1.0.0~dev: CWD: /Users/andrew/Library/Application Support/Sublime Text 3/Packages/User/snippets/_docs_guides/typescript
11 silly lifecycle typescript_docs_guides@1.0.0~dev: Args: [ '-c',
11 silly lifecycle   'webpack-dev-server --inline --progress --hot --colors --port 8080' ]
12 silly lifecycle typescript_docs_guides@1.0.0~dev: Returned: code: 1  signal: null
13 info lifecycle typescript_docs_guides@1.0.0~dev: Failed to exec dev script
14 verbose stack Error: typescript_docs_guides@1.0.0 dev: `webpack-dev-server --inline --progress --hot --colors --port 8080`
14 verbose stack Exit status 1
14 verbose stack     at EventEmitter.<anonymous> (/Users/andrew/.nvm/versions/node/v6.4.0/lib/node_modules/npm/lib/utils/lifecycle.js:242:16)
14 verbose stack     at emitTwo (events.js:106:13)
14 verbose stack     at EventEmitter.emit (events.js:191:7)
14 verbose stack     at ChildProcess.<anonymous> (/Users/andrew/.nvm/versions/node/v6.4.0/lib/node_modules/npm/lib/utils/spawn.js:40:14)
14 verbose stack     at emitTwo (events.js:106:13)
14 verbose stack     at ChildProcess.emit (events.js:191:7)
14 verbose stack     at maybeClose (internal/child_process.js:852:16)
14 verbose stack     at Process.ChildProcess._handle.onexit (internal/child_process.js:215:5)
15 verbose pkgid typescript_docs_guides@1.0.0
16 verbose cwd /Users/andrew/Library/Application Support/Sublime Text 3/Packages/User/snippets/_docs_guides/typescript
17 error Darwin 15.4.0
18 error argv "/Users/andrew/.nvm/versions/node/v6.4.0/bin/node" "/Users/andrew/.nvm/versions/node/v6.4.0/bin/npm" "run" "dev"
19 error node v6.4.0
20 error npm  v3.10.3
21 error code ELIFECYCLE
22 error typescript_docs_guides@1.0.0 dev: `webpack-dev-server --inline --progress --hot --colors --port 8080`
22 error Exit status 1
23 error Failed at the typescript_docs_guides@1.0.0 dev script 'webpack-dev-server --inline --progress --hot --colors --port 8080'.
23 error Make sure you have the latest version of node.js and npm installed.
23 error If you do, this is most likely a problem with the typescript_docs_guides package,
23 error not with npm itself.
23 error Tell the author that this fails on your system:
23 error     webpack-dev-server --inline --progress --hot --colors --port 8080
23 error You can get information on how to open an issue for this project with:
23 error     npm bugs typescript_docs_guides
23 error Or if that isn't available, you can get their info via:
23 error     npm owner ls typescript_docs_guides
23 error There is likely additional logging output above.
24 verbose exit [ 1, true ]
